[ 2014-02-08T10:12:05+08:00 ] 127.0.0.1 /
INFO: [ app_begin ] --START--
INFO: ReadHtmlCache Behavior ::run [ RunTime:0.031250s ]
INFO: [ app_begin ] --END-- [ RunTime:0.031250s ]
NOTIC: [8] Undefined index: example D:\GitHub\UFT\Demo\APP\Lib\Action\IndexAction.class.php 第 21 行.

[ 2014-02-08T10:12:07+08:00 ] 127.0.0.1 /index.php?example=login
INFO: [ app_begin ] --START--
INFO: ReadHtmlCache Behavior ::run [ RunTime:0.000000s ]
INFO: [ app_begin ] --END-- [ RunTime:0.015625s ]

[ 2014-02-08T02:12:17+00:00 ] 127.0.0.1 /index.php?example=login
INFO: [ app_begin ] --START--
INFO: ReadHtmlCache Behavior ::run [ RunTime:0.000000s ]
INFO: [ app_begin ] --END-- [ RunTime:0.000000s ]

[ 2014-02-08T10:12:19+08:00 ] 127.0.0.1 /index.php
INFO: [ app_begin ] --START--
INFO: ReadHtmlCache Behavior ::run [ RunTime:0.000000s ]
INFO: [ app_begin ] --END-- [ RunTime:0.000000s ]
NOTIC: [8] Undefined index: example D:\GitHub\UFT\Demo\APP\Lib\Action\IndexAction.class.php 第 21 行.

[ 2014-02-08T10:12:21+08:00 ] 127.0.0.1 /index.php?example=avatar
INFO: [ app_begin ] --START--
INFO: ReadHtmlCache Behavior ::run [ RunTime:0.000000s ]
INFO: [ app_begin ] --END-- [ RunTime:0.000000s ]

