[ 2014-01-27T16:59:03+08:00 ] 127.0.0.1 /
INFO: [ app_begin ] --START--
INFO: ReadHtmlCache Behavior ::run [ RunTime:0.015625s ]
INFO: [ app_begin ] --END-- [ RunTime:0.015625s ]
INFO: [ view_parse ] --START--
INFO: ParseTemplate Behavior ::run [ RunTime:0.062500s ]
INFO: [ view_parse ] --END-- [ RunTime:0.062500s ]
INFO: [ view_filter ] --START--
NOTIC: [8] Use of undefined constant APP_TMPL_PATH - assumed 'APP_TMPL_PATH' D:\GitHub\TFU\TPC3.1.3\Lib\Behavior\ContentReplaceBehavior.class.php 第 40 行.
NOTIC: [8] Use of undefined constant APP_TMPL_PATH - assumed 'APP_TMPL_PATH' D:\GitHub\TFU\TPC3.1.3\Lib\Behavior\ContentReplaceBehavior.class.php 第 47 行.
INFO: ContentReplace Behavior ::run [ RunTime:0.015625s ]
INFO: TokenBuild Behavior ::run [ RunTime:0.000000s ]
INFO: WriteHtmlCache Behavior ::run [ RunTime:0.015625s ]
INFO: ShowRuntime Behavior ::run [ RunTime:0.000000s ]
INFO: [ view_filter ] --END-- [ RunTime:0.031250s ]
INFO: [ view_end ] --START--
INFO: ShowPageTrace Behavior ::run [ RunTime:0.015625s ]
INFO: [ view_end ] --END-- [ RunTime:0.015625s ]

[ 2014-01-27T17:01:36+08:00 ] 127.0.0.1 /
INFO: [ app_begin ] --START--
INFO: ReadHtmlCache Behavior ::run [ RunTime:0.000000s ]
INFO: [ app_begin ] --END-- [ RunTime:0.000000s ]
NOTIC: [8] Undefined index: example D:\GitHub\TFU\Demo\APP\Lib\Action\IndexAction.class.php 第 20 行.

[ 2014-01-27T17:06:51+08:00 ] 127.0.0.1 /
INFO: [ app_begin ] --START--
INFO: ReadHtmlCache Behavior ::run [ RunTime:0.000000s ]
INFO: [ app_begin ] --END-- [ RunTime:0.000000s ]
NOTIC: [8] Undefined index: example D:\GitHub\TFU\Demo\APP\Lib\Action\IndexAction.class.php 第 21 行.

[ 2014-01-27T17:06:52+08:00 ] 127.0.0.1 /
INFO: [ app_begin ] --START--
INFO: ReadHtmlCache Behavior ::run [ RunTime:0.000000s ]
INFO: [ app_begin ] --END-- [ RunTime:0.000000s ]
NOTIC: [8] Undefined index: example D:\GitHub\TFU\Demo\APP\Lib\Action\IndexAction.class.php 第 21 行.

[ 2014-01-27T17:06:55+08:00 ] 127.0.0.1 /
INFO: [ app_begin ] --START--
INFO: ReadHtmlCache Behavior ::run [ RunTime:0.000000s ]
INFO: [ app_begin ] --END-- [ RunTime:0.000000s ]
NOTIC: [8] Undefined index: example D:\GitHub\TFU\Demo\APP\Lib\Action\IndexAction.class.php 第 21 行.

[ 2014-01-27T17:07:12+08:00 ] 127.0.0.1 /
INFO: [ app_begin ] --START--
INFO: ReadHtmlCache Behavior ::run [ RunTime:0.000000s ]
INFO: [ app_begin ] --END-- [ RunTime:0.000000s ]
NOTIC: [8] Undefined index: example D:\GitHub\TFU\Demo\APP\Lib\Action\IndexAction.class.php 第 21 行.

[ 2014-01-27T17:07:13+08:00 ] 127.0.0.1 /index.php?example=login
INFO: [ app_begin ] --START--
INFO: ReadHtmlCache Behavior ::run [ RunTime:0.015625s ]
INFO: [ app_begin ] --END-- [ RunTime:0.015625s ]

[ 2014-01-27T17:07:16+08:00 ] 127.0.0.1 /index.php?example=register
INFO: [ app_begin ] --START--
INFO: ReadHtmlCache Behavior ::run [ RunTime:0.000000s ]
INFO: [ app_begin ] --END-- [ RunTime:0.000000s ]

[ 2014-01-27T17:07:17+08:00 ] 127.0.0.1 /index.php?example=login
INFO: [ app_begin ] --START--
INFO: ReadHtmlCache Behavior ::run [ RunTime:0.000000s ]
INFO: [ app_begin ] --END-- [ RunTime:0.000000s ]

[ 2014-01-27T09:07:26+00:00 ] 127.0.0.1 /index.php?example=login
INFO: [ app_begin ] --START--
INFO: ReadHtmlCache Behavior ::run [ RunTime:0.000000s ]
INFO: [ app_begin ] --END-- [ RunTime:0.000000s ]

[ 2014-01-27T09:07:44+00:00 ] 127.0.0.1 /index.php?example=login
INFO: [ app_begin ] --START--
INFO: ReadHtmlCache Behavior ::run [ RunTime:0.015625s ]
INFO: [ app_begin ] --END-- [ RunTime:0.015625s ]

[ 2014-01-27T17:08:58+08:00 ] 127.0.0.1 /index.php
INFO: [ app_begin ] --START--
INFO: ReadHtmlCache Behavior ::run [ RunTime:0.015625s ]
INFO: [ app_begin ] --END-- [ RunTime:0.015625s ]
NOTIC: [8] Undefined index: example D:\GitHub\TFU\Demo\APP\Lib\Action\IndexAction.class.php 第 21 行.

[ 2014-01-27T17:09:05+08:00 ] 127.0.0.1 /index.php?example=avatar
INFO: [ app_begin ] --START--
INFO: ReadHtmlCache Behavior ::run [ RunTime:0.000000s ]
INFO: [ app_begin ] --END-- [ RunTime:0.000000s ]

[ 2014-01-27T17:09:08+08:00 ] 127.0.0.1 /index.php?example=avatar
INFO: [ app_begin ] --START--
INFO: ReadHtmlCache Behavior ::run [ RunTime:0.000000s ]
INFO: [ app_begin ] --END-- [ RunTime:0.000000s ]

[ 2014-01-27T17:09:39+08:00 ] 127.0.0.1 /index.php?example=avatar
INFO: [ app_begin ] --START--
INFO: ReadHtmlCache Behavior ::run [ RunTime:0.000000s ]
INFO: [ app_begin ] --END-- [ RunTime:0.000000s ]

[ 2014-01-27T17:10:08+08:00 ] 127.0.0.1 /index.php?example=avatar
INFO: [ app_begin ] --START--
INFO: ReadHtmlCache Behavior ::run [ RunTime:0.000000s ]
INFO: [ app_begin ] --END-- [ RunTime:0.000000s ]

[ 2014-01-27T17:15:27+08:00 ] 127.0.0.1 /index.php?example=avatar
INFO: [ app_begin ] --START--
INFO: ReadHtmlCache Behavior ::run [ RunTime:0.000000s ]
INFO: [ app_begin ] --END-- [ RunTime:0.000000s ]

[ 2014-01-27T17:15:29+08:00 ] 127.0.0.1 /index.php?example=pmlist
INFO: [ app_begin ] --START--
INFO: ReadHtmlCache Behavior ::run [ RunTime:0.000000s ]
INFO: [ app_begin ] --END-- [ RunTime:0.000000s ]
NOTIC: [8] Undefined variable: newdata D:\GitHub\TFU\Demo\code\pmlist.php 第 21 行.
NOTIC: [8] Undefined index: page D:\GitHub\TFU\Demo\code\pmlist.php 第 25 行.
NOTIC: [8] Undefined index: data D:\GitHub\TFU\Demo\code\pmlist.php 第 32 行.
NOTIC: [2] Invalid argument supplied for foreach() D:\GitHub\TFU\Demo\code\pmlist.php 第 32 行.

[ 2014-01-27T17:19:41+08:00 ] 127.0.0.1 /index.php?example=pmlist
INFO: [ app_begin ] --START--
INFO: ReadHtmlCache Behavior ::run [ RunTime:0.015625s ]
INFO: [ app_begin ] --END-- [ RunTime:0.015625s ]
NOTIC: [8] Undefined variable: newdata D:\GitHub\TFU\Demo\code\pmlist.php 第 21 行.
NOTIC: [8] Undefined index: page D:\GitHub\TFU\Demo\code\pmlist.php 第 25 行.
NOTIC: [8] Undefined index: data D:\GitHub\TFU\Demo\code\pmlist.php 第 32 行.
NOTIC: [2] Invalid argument supplied for foreach() D:\GitHub\TFU\Demo\code\pmlist.php 第 32 行.

[ 2014-01-27T17:19:44+08:00 ] 127.0.0.1 /index.php?example=logout
INFO: [ app_begin ] --START--
INFO: ReadHtmlCache Behavior ::run [ RunTime:0.000000s ]
INFO: [ app_begin ] --END-- [ RunTime:0.000000s ]

[ 2014-01-27T17:19:45+08:00 ] 127.0.0.1 /index.php
INFO: [ app_begin ] --START--
INFO: ReadHtmlCache Behavior ::run [ RunTime:0.015625s ]
INFO: [ app_begin ] --END-- [ RunTime:0.015625s ]
NOTIC: [8] Undefined index: example D:\GitHub\TFU\Demo\APP\Lib\Action\IndexAction.class.php 第 21 行.

[ 2014-01-27T17:19:46+08:00 ] 127.0.0.1 /index.php?example=login
INFO: [ app_begin ] --START--
INFO: ReadHtmlCache Behavior ::run [ RunTime:0.015625s ]
INFO: [ app_begin ] --END-- [ RunTime:0.015625s ]

[ 2014-01-27T09:19:59+00:00 ] 127.0.0.1 /index.php?example=login
INFO: [ app_begin ] --START--
INFO: ReadHtmlCache Behavior ::run [ RunTime:0.000000s ]
INFO: [ app_begin ] --END-- [ RunTime:0.000000s ]

[ 2014-01-27T17:20:00+08:00 ] 127.0.0.1 /index.php
INFO: [ app_begin ] --START--
INFO: ReadHtmlCache Behavior ::run [ RunTime:0.000000s ]
INFO: [ app_begin ] --END-- [ RunTime:0.000000s ]
NOTIC: [8] Undefined index: example D:\GitHub\TFU\Demo\APP\Lib\Action\IndexAction.class.php 第 21 行.

[ 2014-01-27T17:20:02+08:00 ] 127.0.0.1 /index.php?example=avatar
INFO: [ app_begin ] --START--
INFO: ReadHtmlCache Behavior ::run [ RunTime:0.015625s ]
INFO: [ app_begin ] --END-- [ RunTime:0.015625s ]

[ 2014-01-27T09:20:06+00:00 ] 127.0.0.1 /index.php?example=friend
INFO: [ app_begin ] --START--
INFO: ReadHtmlCache Behavior ::run [ RunTime:0.000000s ]
INFO: [ app_begin ] --END-- [ RunTime:0.000000s ]

[ 2014-01-27T17:20:08+08:00 ] 127.0.0.1 /index.php?example=pmlist
INFO: [ app_begin ] --START--
INFO: ReadHtmlCache Behavior ::run [ RunTime:0.000000s ]
INFO: [ app_begin ] --END-- [ RunTime:0.000000s ]
NOTIC: [8] Undefined variable: newdata D:\GitHub\TFU\Demo\code\pmlist.php 第 21 行.
NOTIC: [8] Undefined index: page D:\GitHub\TFU\Demo\code\pmlist.php 第 25 行.
NOTIC: [8] Undefined index: data D:\GitHub\TFU\Demo\code\pmlist.php 第 32 行.
NOTIC: [2] Invalid argument supplied for foreach() D:\GitHub\TFU\Demo\code\pmlist.php 第 32 行.

[ 2014-01-27T17:20:09+08:00 ] 127.0.0.1 /index.php?example=pmlist&filter=newpm
INFO: [ app_begin ] --START--
INFO: ReadHtmlCache Behavior ::run [ RunTime:0.000000s ]
INFO: [ app_begin ] --END-- [ RunTime:0.000000s ]
NOTIC: [8] Undefined variable: newdata D:\GitHub\TFU\Demo\code\pmlist.php 第 21 行.
NOTIC: [8] Undefined index: page D:\GitHub\TFU\Demo\code\pmlist.php 第 25 行.

[ 2014-01-27T17:20:10+08:00 ] 127.0.0.1 /index.php?example=pmlist&filter=announcepm
INFO: [ app_begin ] --START--
INFO: ReadHtmlCache Behavior ::run [ RunTime:0.000000s ]
INFO: [ app_begin ] --END-- [ RunTime:0.000000s ]
NOTIC: [8] Undefined variable: newdata D:\GitHub\TFU\Demo\code\pmlist.php 第 21 行.
NOTIC: [8] Undefined index: page D:\GitHub\TFU\Demo\code\pmlist.php 第 25 行.
NOTIC: [8] Undefined index: data D:\GitHub\TFU\Demo\code\pmlist.php 第 32 行.
NOTIC: [2] Invalid argument supplied for foreach() D:\GitHub\TFU\Demo\code\pmlist.php 第 32 行.

[ 2014-01-27T17:20:10+08:00 ] 127.0.0.1 /index.php?example=pmlist&action=send
INFO: [ app_begin ] --START--
INFO: ReadHtmlCache Behavior ::run [ RunTime:0.000000s ]
INFO: [ app_begin ] --END-- [ RunTime:0.000000s ]
NOTIC: [8] Undefined variable: newdata D:\GitHub\TFU\Demo\code\pmlist.php 第 21 行.

[ 2014-01-27T17:20:10+08:00 ] 127.0.0.1 /index.php?example=pmlist&action=viewblackls
INFO: [ app_begin ] --START--
INFO: ReadHtmlCache Behavior ::run [ RunTime:0.000000s ]
INFO: [ app_begin ] --END-- [ RunTime:0.000000s ]
NOTIC: [8] Undefined variable: newdata D:\GitHub\TFU\Demo\code\pmlist.php 第 21 行.

[ 2014-01-27T17:20:13+08:00 ] 127.0.0.1 /index.php?example=logout
INFO: [ app_begin ] --START--
INFO: ReadHtmlCache Behavior ::run [ RunTime:0.000000s ]
INFO: [ app_begin ] --END-- [ RunTime:0.000000s ]

[ 2014-01-27T17:20:14+08:00 ] 127.0.0.1 /index.php
INFO: [ app_begin ] --START--
INFO: ReadHtmlCache Behavior ::run [ RunTime:0.000000s ]
INFO: [ app_begin ] --END-- [ RunTime:0.000000s ]
NOTIC: [8] Undefined index: example D:\GitHub\TFU\Demo\APP\Lib\Action\IndexAction.class.php 第 21 行.

